extraction_destination_respective_repo_root_path
SuperMarioWars 2014.06.05 UnityNetwork.rar,R:\extractTest\SuperMarioWars 2014.06.05 UnityNetwork\SuperMarioWars
SuperMarioWars 2014.06.07.rar,R:\extractTest\SuperMarioWars 2014.06.07\SuperMarioWars
SuperMarioWars 2014.06.10.rar,R:\extractTest\SuperMarioWars 2014.06.10\SuperMarioWars
SuperMarioWars 2014.06.11, vor Ramstein.rar,R:\extractTest\SuperMarioWars 2014.06.11, vor Ramstein\SuperMarioWars
SuperMarioWars 2014.06.12, Bouncing .rar,R:\extractTest\SuperMarioWars 2014.06.12, Bouncing\SuperMarioWars
SuperMarioWars 2014.06.15, 11.06 mit LAN.rar,R:\extractTest\SuperMarioWars 2014.06.15, 11.06 mit LAN
SuperMarioWars 2014.06.16, 11.06 mit LAN.rar,R:\extractTest\SuperMarioWars 2014.06.16, 11.06 mit LAN
SuperMarioWars 2014.06.16_WeekEndFusion.rar,R:\extractTest\SuperMarioWars 2014.06.16_WeekEndFusion\SuperMarioWars
SuperMarioWars 2014.06.16_PlayerScriptPhotonFusion.rar,R:\extractTest\SuperMarioWars 2014.06.16_PlayerScriptPhotonFusion\SuperMarioWars
SuperMarioWars 2014.06.18_SP_PlatformCharacter.rar,R:\extractTest\SuperMarioWars 2014.06.18_SP_PlatformCharacter\SuperMarioWars
SuperMarioWars 2014.06.19_Blocks_PowerUps.rar,R:\extractTest\SuperMarioWars 2014.06.19_Blocks_PowerUps\SuperMarioWars
SuperMarioWars 2014.06.21_beforeLAN.rar,R:\extractTest\SuperMarioWars 2014.06.21_beforeLAN\SuperMarioWars
SuperMarioWars 2014.06.24_LAN_w_Rigidbody2D.rar,R:\extractTest\SuperMarioWars 2014.06.24_LAN_w_Rigidbody2D\SuperMarioWars
SuperMarioWars 2014.06.25_1_Lobby_SpriteController.rar,R:\extractTest\SuperMarioWars 2014.06.25_1_Lobby_SpriteController\SuperMarioWars
SuperMarioWars 2014.06.25_2_MultiplayerLobby.rar,R:\extractTest\SuperMarioWars 2014.06.25_2_MultiplayerLobby\SuperMarioWars
SuperMarioWars 2014.06.25_3_MultiplayerLobby_PrefabID_released_OnDisconnect.rar,R:\extractTest\SuperMarioWars 2014.06.25_3_MultiplayerLobby_PrefabID_released_OnDisconnect\SuperMarioWars
SuperMarioWars 2014.06.26_1_MultiplayerLobby_PlayerHasCharacterSelected.rar,R:\extractTest\SuperMarioWars 2014.06.26_1_MultiplayerLobby_PlayerHasCharacterSelected\SuperMarioWars
SuperMarioWars 2014.06.26_2_MultiplayerLobby_before_PrefabSelected_GameInstantiate.rar,R:\extractTest\SuperMarioWars 2014.06.26_2_MultiplayerLobby_before_PrefabSelected_GameInstantiate\SuperMarioWars
SuperMarioWars 2014.06.26_3_MultiplayerLobby_PrefabSelected.rar,R:\extractTest\SuperMarioWars 2014.06.26_3_MultiplayerLobby_PrefabSelected\SuperMarioWars
SuperMarioWars 2014.06.26_4_MultiplayerLobby_PrefabSelectAble_NetworkInstantiation.rar,R:\extractTest\SuperMarioWars 2014.06.26_4_MultiplayerLobby_PrefabSelectAble_NetworkInstantiation\SuperMarioWars
SuperMarioWars 2014.06.26_5_MultiplayerLobby_central_SpriteAndPlayerText.rar,R:\extractTest\SuperMarioWars 2014.06.26_5_MultiplayerLobby_central_SpriteAndPlayerText\SuperMarioWars
SuperMarioWars 2014.06.27_1_SpriteController.rar,R:\extractTest\SuperMarioWars 2014.06.27_1_SpriteController\SuperMarioWars
SuperMarioWars 2014.06.27_2_SpriteController_waitForAnimation.rar,R:\extractTest\SuperMarioWars 2014.06.27_2_SpriteController_waitForAnimation\SuperMarioWars
SuperMarioWars 2014.06.27_3_MultipleCharacterWithAnimator.rar,R:\extractTest\SuperMarioWars 2014.06.27_3_MultipleCharacterWithAnimator\SuperMarioWars
SuperMarioWars 2014.06.27_4_LayerController.rar,R:\extractTest\SuperMarioWars 2014.06.27_4_LayerController\SuperMarioWars
SuperMarioWars 2014.06.28_1_PlayerPrefs_reading_wont_Work.rar,R:\extractTest\SuperMarioWars 2014.06.28_1_PlayerPrefs_reading_wont_Work\SuperMarioWars
SuperMarioWars 2014.06.28_2_characterDictonary_PlayerPrefs_error_found.rar,R:\extractTest\SuperMarioWars 2014.06.28_2_characterDictonary_PlayerPrefs_error_found\SuperMarioWars
SuperMarioWars 2014.06.28_3_characterDictonary_PlayerPrefs_error_found.rar,R:\extractTest\SuperMarioWars 2014.06.28_3_characterDictonary_PlayerPrefs_error_found\SuperMarioWars
SuperMarioWars 2014.06.28_4_PlayerPrefs_error_found_instantiationerror.rar,R:\extractTest\SuperMarioWars 2014.06.28_4_PlayerPrefs_error_found_instantiationerror\SuperMarioWars
SuperMarioWars 2014.06.30_1_PlayerPrefs_SinglePlayer_added.rar,R:\extractTest\SuperMarioWars 2014.06.30_1_PlayerPrefs_SinglePlayer_added\SuperMarioWars
SuperMarioWars 2014.06.30_2_AlotWorksCodeInspectionNeeded.rar,R:\extractTest\SuperMarioWars 2014.06.30_2_AlotWorksCodeInspectionNeeded\SuperMarioWars
SuperMarioWars 2014.06.30_3_LevelEditorUpdated.rar,R:\extractTest\SuperMarioWars 2014.06.30_3_LevelEditorUpdated\SuperMarioWars
SuperMarioWars 2014.07.02_1_GameControllerAndBigSmallChanges.rar,R:\extractTest\SuperMarioWars 2014.07.02_1_GameControllerAndBigSmallChanges\SuperMarioWars
SuperMarioWars 2014.07.02_2_GameControllerWithBigChanges.rar,R:\extractTest\SuperMarioWars 2014.07.02_2_GameControllerWithBigChanges\SuperMarioWars
SuperMarioWars 2014.07.03_1_InventoryFirstStep.rar,R:\extractTest\SuperMarioWars 2014.07.03_1_InventoryFirstStep\SuperMarioWars
SuperMarioWars 2014.07.03_2_PowerUps.rar,R:\extractTest\SuperMarioWars 2014.07.03_2_PowerUps\SuperMarioWars
SuperMarioWars 2014.07.04_1_PowerUps.rar,R:\extractTest\SuperMarioWars 2014.07.04_1_PowerUps\SuperMarioWars
SuperMarioWars 2014.07.04_2_AIsmarter.rar,R:\extractTest\SuperMarioWars 2014.07.04_2_AIsmarter\SuperMarioWars
SuperMarioWars 2014.07.06_1_AnimationRage.rar,R:\extractTest\SuperMarioWars 2014.07.06_1_AnimationRage\SuperMarioWars
SuperMarioWars 2014.07.07_1_ReSpawnScript_AnimationControllerV2_RandomAI.rar,R:\extractTest\SuperMarioWars 2014.07.07_1_ReSpawnScript_AnimationControllerV2_RandomAI\SuperMarioWars
SuperMarioWars 2014.07.07_2_LAN.rar,R:\extractTest\SuperMarioWars 2014.07.07_2_LAN\SuperMarioWars
SuperMarioWars 2014.07.08_1_UpdatedToPhotonFree_check.rar,R:\extractTest\SuperMarioWars 2014.07.08_1_UpdatedToPhotonFree_check\SuperMarioWars
SuperMarioWars 2014.07.09_1_HUGH_UPDATE_ScriptableObjects.rar,R:\extractTest\SuperMarioWars 2014.07.09_1_HUGH_UPDATE_ScriptableObjects\SuperMarioWars
SuperMarioWars 2014.07.09_2_TidyUp.rar,R:\extractTest\SuperMarioWars 2014.07.09_2_TidyUp\SuperMarioWars
SuperMarioWars 2014.07.09_3_Upcoming Hugh Change .rar,R:\extractTest\SuperMarioWars 2014.07.09_3_Upcoming Hugh Change\SuperMarioWars
SuperMarioWars 2014.07.09_3_HughUpdateFinished_BugsExpected.rar,R:\extractTest\SuperMarioWars 2014.07.09_3_HughUpdateFinished_BugsExpected\SuperMarioWars
SuperMarioWars 2014.07.09_4_HughUpdateFinished_BugsExpected_Works.rar,R:\extractTest\SuperMarioWars 2014.07.09_4_HughUpdateFinished_BugsExpected_Works\SuperMarioWars
SuperMarioWars 2014.07.10_1_LAN_BugsExpected_Works.rar,R:\extractTest\SuperMarioWars 2014.07.10_1_LAN_BugsExpected_Works\SuperMarioWars
SuperMarioWars 2014.07.10_2_LAN_BugsExpected_Works.rar,R:\extractTest\SuperMarioWars 2014.07.10_2_LAN_BugsExpected_Works\SuperMarioWars
SuperMarioWars 2014.07.10_3_TidyUp_in_Assets.rar,R:\extractTest\SuperMarioWars 2014.07.10_3_TidyUp_in_Assets\SuperMarioWars
SuperMarioWars 2014.08.06_1_clean.rar,R:\extractTest\SuperMarioWars 2014.08.06_1_clean\SuperMarioWars_clean
SuperMarioWars 2014.08.07_1_animation bugfixes, platformjumper v2, layer fix.rar,R:\extractTest\SuperMarioWars 2014.08.07_1_animation bugfixes, platformjumper v2, layer fix\SuperMarioWars_clean
SuperMarioWars 2014.08.15_1_nothingShouldBeChanged.rar,R:\extractTest\SuperMarioWars 2014.08.15_1_nothingShouldBeChanged\SuperMarioWars_clean
SuperMarioWars 2014.08.15_2_startanimation.rar,R:\extractTest\SuperMarioWars 2014.08.15_2_startanimation\SuperMarioWars_clean
SuperMarioWars 2014.08.15_3_respawn.rar,R:\extractTest\SuperMarioWars 2014.08.15_3_respawn\SuperMarioWars_clean
SuperMarioWars 2014.08.16_1_player layer, jumperv2 groundstopper fix, collision masteronly .rar,R:\extractTest\SuperMarioWars 2014.08.16_1_player layer, jumperv2 groundstopper fix, collision masteronly\SuperMarioWars_clean
SuperMarioWars 2014.08.16_2_powerUps, only bottom collision.rar,R:\extractTest\SuperMarioWars 2014.08.16_2_powerUps, only bottom collision\SuperMarioWars_clean
SuperMarioWars 2014.08.17_1_ragemode_mario.rar,R:\extractTest\SuperMarioWars 2014.08.17_1_ragemode_mario\SuperMarioWars_clean
SuperMarioWars 2014.08.17_2_ragemode_mostly_done.rar,R:\extractTest\SuperMarioWars 2014.08.17_2_ragemode_mostly_done\SuperMarioWars_clean
SuperMarioWars 2014.08.17_3_nothingChanged.rar,R:\extractTest\SuperMarioWars 2014.08.17_3_nothingChanged\SuperMarioWars_clean
SuperMarioWars 2014.08.18_1_Network_ChangingMovement.rar,R:\extractTest\SuperMarioWars 2014.08.18_1_Network_ChangingMovement\SuperMarioWars_clean
SuperMarioWars 2014.08.19_1_other Network Movement.rar,R:\extractTest\SuperMarioWars 2014.08.19_1_other Network Movement\SuperMarioWars_clean
SuperMarioWars 2014.08.20_1_other Network Movement_with_jump_and_gravity.rar,R:\extractTest\SuperMarioWars 2014.08.20_1_other Network Movement_with_jump_and_gravity\SuperMarioWars_clean
SuperMarioWars 2014.08.21_1_some changes Dont know SHIT SHIT.rar,R:\extractTest\SuperMarioWars 2014.08.21_1_some changes Dont know SHIT SHIT\SuperMarioWars_clean
SuperMarioWars 2014.08.21_2_UnityNetwork_engineering.rar,R:\extractTest\SuperMarioWars 2014.08.21_2_UnityNetwork_engineering\SuperMarioWars_UnityNetwork
SuperMarioWars 2014.08.21_3_UnityNetwork_engineering.rar,R:\extractTest\SuperMarioWars 2014.08.21_3_UnityNetwork_engineering\SuperMarioWars_UnityNetwork
SuperMarioWars 2014.08.22_1_UnityNetwork_MoveAnimationOnServerWorks.rar,R:\extractTest\SuperMarioWars 2014.08.22_1_UnityNetwork_MoveAnimationOnServerWorks\SuperMarioWars_UnityNetwork
SuperMarioWars 2014.08.23_1_UnityNetwork_LocalClientChar_and_OtherClientChar_BoxCollider_position.rar,R:\extractTest\SuperMarioWars 2014.08.23_1_UnityNetwork_LocalClientChar_and_OtherClientChar_BoxCollider_position\SuperMarioWars_UnityNetwork
SuperMarioWars 2014.08.23_2_UnityNetwork_Extrapolation.rar,R:\extractTest\SuperMarioWars 2014.08.23_2_UnityNetwork_Extrapolation\SuperMarioWars_UnityNetwork
SuperMarioWars 2014.08.23_3_UnityNetwork_NetworkConnectionStats_CharacterRemoveFix.rar,R:\extractTest\SuperMarioWars 2014.08.23_3_UnityNetwork_NetworkConnectionStats_CharacterRemoveFix\SuperMarioWars_UnityNetwork
SuperMarioWars 2014.08.24_1_UnityNetwork_PlatformJumperV4_fuckingPhysics.rar,R:\extractTest\SuperMarioWars 2014.08.24_1_UnityNetwork_PlatformJumperV4_fuckingPhysics\SuperMarioWars_UnityNetwork
SuperMarioWars 2014.08.24_2_UnityNetwork_PlatformJumperV4_fixed_CheckPosition_fix.rar,R:\extractTest\SuperMarioWars 2014.08.24_2_UnityNetwork_PlatformJumperV4_fixed_CheckPosition_fix\SuperMarioWars_UnityNetwork
SuperMarioWars 2014.08.24_3_UnityNetwork_ConnectionStats__localPlayer_correctPosCount_added.rar,R:\extractTest\SuperMarioWars 2014.08.24_3_UnityNetwork_ConnectionStats__localPlayer_correctPosCount_added\SuperMarioWars_UnityNetwork
SuperMarioWars 2014.08.24_4_UnityNetwork_new_ConnectionStats_added.rar,R:\extractTest\SuperMarioWars 2014.08.24_4_UnityNetwork_new_ConnectionStats_added\SuperMarioWars_UnityNetwork
SuperMarioWars 2014.08.25_1_UnityNetwork_wrong_bugfixes_already_commented.rar,R:\extractTest\SuperMarioWars 2014.08.25_1_UnityNetwork_wrong_bugfixes_already_commented\SuperMarioWars_UnityNetwork
SuperMarioWars 2014.08.25_2_UnityNetwork_useReplayAfterPosCorrection_fixed_but_commented.rar,R:\extractTest\SuperMarioWars 2014.08.25_2_UnityNetwork_useReplayAfterPosCorrection_fixed_but_commented\SuperMarioWars_UnityNetwork
SuperMarioWars 2014.09.02_1_UnityNetwork_BeamInterpolationFix_LastReceivedPos_NetworkInterpolationSimulation.rar,R:\extractTest\SuperMarioWars 2014.09.02_1_UnityNetwork_BeamInterpolationFix_LastReceivedPos_NetworkInterpolationSimulation\SuperMarioWars_UnityNetwork
SuperMarioWars 2014.09.02_2_UnityNetwork_ALOTofCHANGES.rar,R:\extractTest\SuperMarioWars 2014.09.02_2_UnityNetwork_ALOTofCHANGES\SuperMarioWars_UnityNetwork
SuperMarioWars 2014.09.03_1_UnityNetwork_OtherClientCharacterSimulationFix_twoPredictionMethods.rar,R:\extractTest\SuperMarioWars 2014.09.03_1_UnityNetwork_OtherClientCharacterSimulationFix_twoPredictionMethods\SuperMarioWars_UnityNetwork
SuperMarioWars 2014.09.03_2_UnityNetwork_prediction_moved_to_update.rar,R:\extractTest\SuperMarioWars 2014.09.03_2_UnityNetwork_prediction_moved_to_update\SuperMarioWars_UnityNetwork
SuperMarioWars 2014.09.04_1_UnityNetwork_nothing_new_thingAboutSimulationOnLocalCharacter.rar,R:\extractTest\SuperMarioWars 2014.09.04_1_UnityNetwork_nothing_new_thingAboutSimulationOnLocalCharacter\SuperMarioWars_UnityNetwork
SuperMarioWars 2014.09.05_1_UnityNetwork_sth_changed_NEED_FIX_FOR_DESYNCS.rar,R:\extractTest\SuperMarioWars 2014.09.05_1_UnityNetwork_sth_changed_NEED_FIX_FOR_DESYNCS\SuperMarioWars_UnityNetwork
SuperMarioWars 2014.09.05_2_UnityNetwork_DESYNCS_SOLUTION_ACCEPT_AND_APPLY.rar,R:\extractTest\SuperMarioWars 2014.09.05_2_UnityNetwork_DESYNCS_SOLUTION_ACCEPT_AND_APPLY\SuperMarioWars_UnityNetwork
SuperMarioWars 2014.09.05_3_UnityNetwork_Correction_with_moveDirection_gravity_and_lastHorizontalSpeed.rar,R:\extractTest\SuperMarioWars 2014.09.05_3_UnityNetwork_Correction_with_moveDirection_gravity_and_lastHorizontalSpeed\SuperMarioWars_UnityNetwork
SuperMarioWars 2014.09.05_4_UnityNetwork_workingOnPowerUp_PositionTrouble.rar,R:\extractTest\SuperMarioWars 2014.09.05_4_UnityNetwork_workingOnPowerUp_PositionTrouble\SuperMarioWars_UnityNetwork
SuperMarioWars 2014.09.06_1_UnityNetwork_FireBall spawning works_spawnPosition_needFix.rar,R:\extractTest\SuperMarioWars 2014.09.06_1_UnityNetwork_FireBall spawning works_spawnPosition_needFix\SuperMarioWars_UnityNetwork
SuperMarioWars 2014.09.06_2_UnityNetwork_FireBallspawningFIXED_spawnDirectionNeedsFix100ms_physicsNEEDfix.rar,R:\extractTest\SuperMarioWars 2014.09.06_2_UnityNetwork_FireBallspawningFIXED_spawnDirectionNeedsFix100ms_physicsNEEDfix\SuperMarioWars_UnityNetwork
SuperMarioWars 2014.09.07_1_UnityNetwork_CollectingPowerUps_FireFlower,RageModus.rar,R:\extractTest\SuperMarioWars 2014.09.07_1_UnityNetwork_CollectingPowerUps_FireFlower,RageModus\SuperMarioWars_UnityNetwork
SuperMarioWars 2014.09.08_1_UnityNetwork_PhysicsInWork_ExcelSheet.rar,R:\extractTest\SuperMarioWars 2014.09.08_1_UnityNetwork_PhysicsInWork_ExcelSheet\SuperMarioWars_UnityNetwork
SuperMarioWars 2014.09.09_1_UnityNetwork_PhysicsInWork_WordSheet_Part2.rar,R:\extractTest\SuperMarioWars 2014.09.09_1_UnityNetwork_PhysicsInWork_WordSheet_Part2\SuperMarioWars_UnityNetwork
SuperMarioWars 2014.09.10_1_UnityNetwork_NetworkedAnimation_inProgress.rar,R:\extractTest\SuperMarioWars 2014.09.10_1_UnityNetwork_NetworkedAnimation_inProgress\SuperMarioWars_UnityNetwork
SuperMarioWars 2014.09.10_2_UnityNetwork_NetworkedAnimation_toVerify.rar,R:\extractTest\SuperMarioWars 2014.09.10_2_UnityNetwork_NetworkedAnimation_toVerify\SuperMarioWars_UnityNetwork
SuperMarioWars 2014.09.10_3_UnityNetwork_NetworkedAnimation_colliderenabledcorrection_pwerUpKillVictimAnimation_andMore_toVerify2.rar,R:\extractTest\SuperMarioWars 2014.09.10_3_UnityNetwork_NetworkedAnimation_colliderenabledcorrection_pwerUpKillVictimAnimation_andMore_toVerify2\SuperMarioWars_UnityNetwork
SuperMarioWars 2014.09.11_1_UnityNetwork_PerformanceUpdate_PlatformJumper_nonAlloc_GroundCheck_nonAlloc_.rar,R:\extractTest\SuperMarioWars 2014.09.11_1_UnityNetwork_PerformanceUpdate_PlatformJumper_nonAlloc_GroundCheck_nonAlloc_\SuperMarioWars_UnityNetwork
SuperMarioWars 2014.09.11_2_UnityNetwork_VERIFY_isKINEMATIC_BUG_FIXED_VERIFY_otherChanges.rar,R:\extractTest\SuperMarioWars 2014.09.11_2_UnityNetwork_VERIFY_isKINEMATIC_BUG_FIXED_VERIFY_otherChanges\SuperMarioWars_UnityNetwork
SuperMarioWars 2014.09.11_3_UnityNetwork_PhysicEngineOnLocalPlayerUsed_20msInputLag_otherChanges.rar,R:\extractTest\SuperMarioWars 2014.09.11_3_UnityNetwork_PhysicEngineOnLocalPlayerUsed_20msInputLag_otherChanges\SuperMarioWars_UnityNetwork
SuperMarioWars 2014.09.12_1_UnityNetwork_Race.rar,R:\extractTest\SuperMarioWars 2014.09.12_1_UnityNetwork_Race\SuperMarioWars_UnityNetwork
SuperMarioWars 2014.09.12_2_UnityNetwork_small bugfixes and raceCam.rar,R:\extractTest\SuperMarioWars 2014.09.12_2_UnityNetwork_small bugfixes and raceCam\SuperMarioWars_UnityNetwork
SuperMarioWars 2014.09.15_1_UnityNetwork_verify.rar,R:\extractTest\SuperMarioWars 2014.09.15_1_UnityNetwork_verify\SuperMarioWars_UnityNetwork
SuperMarioWars 2014.09.15_2_UnityNetwork_verify2.rar,R:\extractTest\SuperMarioWars 2014.09.15_2_UnityNetwork_verify2\SuperMarioWars_UnityNetwork
SuperMarioWars 2014.09.18_3_UnityNetwork_workingOnNAT-Traversal_verify3.rar,R:\extractTest\SuperMarioWars 2014.09.18_3_UnityNetwork_workingOnNAT-Traversal_verify3\SuperMarioWars_UnityNetwork
SuperMarioWars 2014.09.22_4_UnityNetwork_workingOnNAT-Traversal_verify4.rar,R:\extractTest\SuperMarioWars 2014.09.22_4_UnityNetwork_workingOnNAT-Traversal_verify4\SuperMarioWars_UnityNetwork
SuperMarioWars 2014.09.23_5_UnityNetwork_workingOnNAT-Traversal_verify5.rar,R:\extractTest\SuperMarioWars 2014.09.23_5_UnityNetwork_workingOnNAT-Traversal_verify5\SuperMarioWars_UnityNetwork
SuperMarioWars 2014.09.23_5_fork_UnityNetwork_Server_headless.rar,R:\extractTest\SuperMarioWars 2014.09.23_5_fork_UnityNetwork_Server_headless
SuperMarioWars 2014.09.24_5_fork_UnityNetwork_Client_workingOnNAT-Traversal-UPNP_verify6.rar,R:\extractTest\SuperMarioWars 2014.09.24_5_fork_UnityNetwork_Client_workingOnNAT-Traversal-UPNP_verify6\SuperMarioWars_UnityNetwork
SuperMarioWars 2014.09.25_6_Server_Client_PowerUps_Polymorphie_verify6.rar,R:\extractTest\SuperMarioWars 2014.09.25_6_Server_Client_PowerUps_Polymorphie_verify6\SuperMarioWars_UnityNetwork
SuperMarioWars 2014.09.26_7_Polymorphie_verify7.rar,R:\extractTest\SuperMarioWars 2014.09.26_7_Polymorphie_verify7\SuperMarioWars_UnityNetwork
SuperMarioWars 2014.09.26_8_Polymorphie_verify8.rar,R:\extractTest\SuperMarioWars 2014.09.26_8_Polymorphie_verify8\SuperMarioWars_UnityNetwork
SuperMarioWars 2014.09.26_9_Polymorphie_verify9.rar,R:\extractTest\SuperMarioWars 2014.09.26_9_Polymorphie_verify9\SuperMarioWars_UnityNetwork
SuperMarioWars 2014.09.27_10_Broken_Polymorphie.rar,R:\extractTest\SuperMarioWars 2014.09.27_10_Broken_Polymorphie\SuperMarioWars_UnityNetwork
SuperMarioWars 2014.09.27_11_Broken_Polymorphie_withoutMonoBehaviour_If_Stackoverflow.rar,R:\extractTest\SuperMarioWars 2014.09.27_11_Broken_Polymorphie_withoutMonoBehaviour_If_Stackoverflow\SuperMarioWars_UnityNetwork
SuperMarioWars 2014.09.27_12_Broken_Polymorphie_withMonoBehaviour_If.rar,R:\extractTest\SuperMarioWars 2014.09.27_12_Broken_Polymorphie_withMonoBehaviour_If\SuperMarioWars_UnityNetwork
SuperMarioWars 2014.09.27_13 CHANGES 11to13 Umzug Patrick Miriam.rar,R:\extractTest\SuperMarioWars 2014.09.27_13 CHANGES 11to13 Umzug Patrick Miriam
SuperMarioWars 2014.10.02_14_Item_and_Power_Polymorphie_StarAndFlower.rar,R:\extractTest\SuperMarioWars 2014.10.02_14_Item_and_Power_Polymorphie_StarAndFlower\SuperMarioWars_UnityNetwork
SuperMarioWars 2014.10.02_15_Item_and_Power_Polymorphie_StarAndFlower_NOTHINGCHANGEDverify.rar,R:\extractTest\SuperMarioWars 2014.10.02_15_Item_and_Power_Polymorphie_StarAndFlower_NOTHINGCHANGEDverify\SuperMarioWars_UnityNetwork
SuperMarioWars 2014.10.10_16_VorstellungBachelorThema.rar,R:\extractTest\SuperMarioWars 2014.10.10_16_VorstellungBachelorThema\SuperMarioWars_UnityNetwork
SuperMarioWars 2015.03.11_1_Unity5_newUI_aLotOfBugs.rar,R:\extractTest\SuperMarioWars 2015.03.11_1_Unity5_newUI_aLotOfBugs\SuperMarioWars_UnityNetwork
SuperMarioWars 2015.03.12_1_Unity5_smallChanges, Transition fix AnimatorV2.rar,R:\extractTest\SuperMarioWars 2015.03.12_1_Unity5_smallChanges, Transition fix AnimatorV2\SuperMarioWars_UnityNetwork
SuperMarioWars 2015.03.17_1_Unity5_newLobby,worldPositionStays.rar,R:\extractTest\SuperMarioWars 2015.03.17_1_Unity5_newLobby,worldPositionStays\SuperMarioWars_UnityNetwork
SuperMarioWars 2015.03.18_1_Unity5_Connect_ScrollList.rar,R:\extractTest\SuperMarioWars 2015.03.18_1_Unity5_Connect_ScrollList\SuperMarioWars_UnityNetwork
SuperMarioWars 2015.03.19_1_Unity5_Button_Events.rar,R:\extractTest\SuperMarioWars 2015.03.19_1_Unity5_Button_Events\SuperMarioWars_UnityNetwork
SuperMarioWars 2015.03.19_2_Unity5_Button_WorkingOnSelectionToGameTranslation.rar,R:\extractTest\SuperMarioWars 2015.03.19_2_Unity5_Button_WorkingOnSelectionToGameTranslation\SuperMarioWars_UnityNetwork
SuperMarioWars 2015.03.20_1_Unity5_BigStep_Standalone_Managers_Component-based-programming_.rar,R:\extractTest\SuperMarioWars 2015.03.20_1_Unity5_BigStep_Standalone_Managers_Component-based-programming_\SuperMarioWars_UnityNetwork
SuperMarioWars 2015.03.20_2_Unity5_Standalone_Managers_Component-based-programming_smallFixes_+KillEvents_.rar,R:\extractTest\SuperMarioWars 2015.03.20_2_Unity5_Standalone_Managers_Component-based-programming_smallFixes_+KillEvents_\SuperMarioWars_UnityNetwork
SuperMarioWars 2015.03.20_3_Unity5_smallChanges_beforeVenue11.rar,R:\extractTest\SuperMarioWars 2015.03.20_3_Unity5_smallChanges_beforeVenue11\SuperMarioWars_UnityNetwork
SuperMarioWars 2015.03.23_1_Unity5_NewClassSystem_Projectile_and_AuthoritativeProjectile.rar,R:\extractTest\SuperMarioWars 2015.03.23_1_Unity5_NewClassSystem_Projectile_and_AuthoritativeProjectile\SuperMarioWars_UnityNetwork
SuperMarioWars 2015.03.23_2_Unity5_smallFixes(PowerBlock Animation, FireBall Movement).rar,R:\extractTest\SuperMarioWars 2015.03.23_2_Unity5_smallFixes(PowerBlock Animation, FireBall Movement)\SuperMarioWars_UnityNetwork
SuperMarioWars 2015.03.23_3_Unity5_added_IceWand_NetworkedPlayer_PredictionChanged_CHECK.rar,R:\extractTest\SuperMarioWars 2015.03.23_3_Unity5_added_IceWand_NetworkedPlayer_PredictionChanged_CHECK\SuperMarioWars_UnityNetwork
SuperMarioWars 2015.03.24_1_Unity5_Projectile_SpawnSpeed_modified.rar,R:\extractTest\SuperMarioWars 2015.03.24_1_Unity5_Projectile_SpawnSpeed_modified\SuperMarioWars_UnityNetwork
SuperMarioWars 2015.03.27_1_Unity5_Kirby_Seamless_Teleport_Projectile_FireBall_PlatformJumper_Destroy.rar,R:\extractTest\SuperMarioWars 2015.03.27_1_Unity5_Kirby_Seamless_Teleport_Projectile_FireBall_PlatformJumper_Destroy\SuperMarioWars_UnityNetwork
SuperMarioWars 2015.03.27_2_Unity5_Projectile_Spawn_Explosion_and_Hit_Sound_Hit_Animation.rar,R:\extractTest\SuperMarioWars 2015.03.27_2_Unity5_Projectile_Spawn_Explosion_and_Hit_Sound_Hit_Animation\SuperMarioWars_UnityNetwork
SuperMarioWars 2015.03.27_3_Unity5_BombProjectile_Explosion_with_Hit_FIX.rar,R:\extractTest\SuperMarioWars 2015.03.27_3_Unity5_BombProjectile_Explosion_with_Hit_FIX\SuperMarioWars_UnityNetwork
SuperMarioWars 2015.03.28_1_Unity5_static_Layer_and_HashID.rar,R:\extractTest\SuperMarioWars 2015.03.28_1_Unity5_static_Layer_and_HashID\SuperMarioWars_UnityNetwork
SuperMarioWars 2015.03.28_2_Unity5_MovementFix_PlatformCharacter_CentralAttackTrigger.rar,R:\extractTest\SuperMarioWars 2015.03.28_2_Unity5_MovementFix_PlatformCharacter_CentralAttackTrigger\SuperMarioWars_UnityNetwork
SuperMarioWars 2015.03.29_1_Unity5_CloudsAdded_Bot_UIStatsSlot_BUG_unsync_Player_.rar,R:\extractTest\SuperMarioWars 2015.03.29_1_Unity5_CloudsAdded_Bot_UIStatsSlot_BUG_unsync_Player_\SuperMarioWars_UnityNetwork
SuperMarioWars 2015.04.01_1_Unity5_IceWalledAnimation_newItemIDClassModel_timeStamp_.rar,R:\extractTest\SuperMarioWars 2015.04.01_1_Unity5_IceWalledAnimation_newItemIDClassModel_timeStamp_\SuperMarioWars_UnityNetwork
SuperMarioWars 2015.04.03_1_Unity5_EditorScripting_ScriptableObjects_AutoCharCreation_INWORK_.rar,R:\extractTest\SuperMarioWars 2015.04.03_1_Unity5_EditorScripting_ScriptableObjects_AutoCharCreation_INWORK_\SuperMarioWars_UnityNetwork
SuperMarioWars 2015.04.03_2_Unity5_EditorScripting_ScriptableObjects_AutoCharCreation_INWORK_.rar,R:\extractTest\SuperMarioWars 2015.04.03_2_Unity5_EditorScripting_ScriptableObjects_AutoCharCreation_INWORK_\SuperMarioWars_UnityNetwork
SuperMarioWars 2015.04.03_3_Unity5_assetdatabase_destroyed_NEED_LOAD_BACKUP_.rar,R:\extractTest\SuperMarioWars 2015.04.03_3_Unity5_assetdatabase_destroyed_NEED_LOAD_BACKUP_\SuperMarioWars_UnityNetwork
SuperMarioWars 2015.04.03_3_Unity5_EditorScripting_ScriptableObjects_AutoCharCreation_NEED_LOAD_BACKUP_.rar,R:\extractTest\SuperMarioWars 2015.04.03_3_Unity5_EditorScripting_ScriptableObjects_AutoCharCreation_NEED_LOAD_BACKUP_\SuperMarioWars_UnityNetwork
SuperMarioWars 2015.04.03_4_Unity5_EditorScripting_LoadAllAsset_Working_Recovered_(04.01_1)_.rar,R:\extractTest\SuperMarioWars 2015.04.03_4_Unity5_EditorScripting_LoadAllAsset_Working_Recovered_(04.01_1)_\SuperMarioWars_UnityNetwork
SuperMarioWars 2015.04.03_5_Unity5_scripted_AnimatorController_bigStep_nowTest_.rar,R:\extractTest\SuperMarioWars 2015.04.03_5_Unity5_scripted_AnimatorController_bigStep_nowTest_\SuperMarioWars_UnityNetwork
SuperMarioWars 2015.04.03_6_Unity5_scripted_AnimationClips_saveAssets_.rar,R:\extractTest\SuperMarioWars 2015.04.03_6_Unity5_scripted_AnimationClips_saveAssets_\SuperMarioWars_UnityNetwork
SuperMarioWars 2015.04.04_1_Unity5_createPrefab_newError_.rar,R:\extractTest\SuperMarioWars 2015.04.04_1_Unity5_createPrefab_newError_\SuperMarioWars_UnityNetwork
SuperMarioWars 2015.04.04_2_Unity5_createPrefab_before_Test_.rar,R:\extractTest\SuperMarioWars 2015.04.04_2_Unity5_createPrefab_before_Test_\SuperMarioWars_UnityNetwork
SuperMarioWars 2015.04.04_3_Unity5_createPrefab_Works_now_SetupCharLibraryAndGUI_.rar,R:\extractTest\SuperMarioWars 2015.04.04_3_Unity5_createPrefab_Works_now_SetupCharLibraryAndGUI_\SuperMarioWars_UnityNetwork
SuperMarioWars 2015.04.04_4_Unity5_createPrefab_moreGenericWay_inWork_.rar,R:\extractTest\SuperMarioWars 2015.04.04_4_Unity5_createPrefab_moreGenericWay_inWork_\SuperMarioWars_UnityNetwork
SuperMarioWars 2015.04.04_5_Unity5_createPrefab_moreGenericWay_and_EditorGUI_inWork__.rar,R:\extractTest\SuperMarioWars 2015.04.04_5_Unity5_createPrefab_moreGenericWay_and_EditorGUI_inWork__\SuperMarioWars_UnityNetwork
SuperMarioWars 2015.04.05_1_Unity5_createPrefab_moreGenericWayV2_scriptsDontWork_nextNewWay_with_GO_for_childData_inWork__.rar,R:\extractTest\SuperMarioWars 2015.04.05_1_Unity5_createPrefab_moreGenericWayV2_scriptsDontWork_nextNewWay_with_GO_for_childData_inWork__\SuperMarioWars_UnityNetwork
SuperMarioWars 2015.04.05_2_Unity5_createPrefab_moreGenericWayV3_Works_Next_FullCharacterWithAnims.rar,R:\extractTest\SuperMarioWars 2015.04.05_2_Unity5_createPrefab_moreGenericWayV3_Works_Next_FullCharacterWithAnims\SuperMarioWars_UnityNetwork
SuperMarioWars 2015.04.05_3_Unity5_CharacterGenerics_CharacterList_Character_almost.rar,R:\extractTest\SuperMarioWars 2015.04.05_3_Unity5_CharacterGenerics_CharacterList_Character_almost\SuperMarioWars_UnityNetwork
SuperMarioWars 2015.04.05_4_Unity5_Combined_SetDirty_needs_reWork_now_createMultipleAtOnce.rar,R:\extractTest\SuperMarioWars 2015.04.05_4_Unity5_Combined_SetDirty_needs_reWork_now_createMultipleAtOnce\SuperMarioWars_UnityNetwork
SuperMarioWars 2015.04.05_5_Unity5_StartBatchImport_finish_nowTest.rar,R:\extractTest\SuperMarioWars 2015.04.05_5_Unity5_StartBatchImport_finish_nowTest\SuperMarioWars_UnityNetwork
SuperMarioWars 2015.04.05_6_Unity5_StartBatchImport_WORKS.rar,R:\extractTest\SuperMarioWars 2015.04.05_6_Unity5_StartBatchImport_WORKS\SuperMarioWars_UnityNetwork
SuperMarioWars 2015.04.05_7_Unity5_StartBatchImport_WORKS_smallFixes_CHECK_gn8.rar,R:\extractTest\SuperMarioWars 2015.04.05_7_Unity5_StartBatchImport_WORKS_smallFixes_CHECK_gn8\SuperMarioWars_UnityNetwork
SuperMarioWars 2015.04.05_8_Venue11_Unity5_PerformceSlice_fix_neue_Abfragen_addToList_inUse_netPlayer_gn8.rar,R:\extractTest\SuperMarioWars 2015.04.05_8_Venue11_Unity5_PerformceSlice_fix_neue_Abfragen_addToList_inUse_netPlayer_gn8\SuperMarioWars_UnityNetwork
SuperMarioWars 2015.04.06_1_Venue11_Unity5_alotChanged_and_fixed.rar,R:\extractTest\SuperMarioWars 2015.04.06_1_Venue11_Unity5_alotChanged_and_fixed\SuperMarioWars_UnityNetwork
SuperMarioWars 2015.04.06_2_Venue11_Unity5_auto_SetID_after_batch_complete.rar,R:\extractTest\SuperMarioWars 2015.04.06_2_Venue11_Unity5_auto_SetID_after_batch_complete\SuperMarioWars_UnityNetwork
SuperMarioWars 2015.04.06_3_Unity5_Fixes.rar,R:\extractTest\SuperMarioWars 2015.04.06_3_Unity5_Fixes\SuperMarioWars_UnityNetwork
SuperMarioWars 2015.04.06_4_Unity5_AnimationClip_fixes_FPS_LoopTime.rar,R:\extractTest\SuperMarioWars 2015.04.06_4_Unity5_AnimationClip_fixes_FPS_LoopTime\SuperMarioWars_UnityNetwork
SuperMarioWars 2015.04.07_1_Unity5_FIX defaultWeight and blendingMode.rar,R:\extractTest\SuperMarioWars 2015.04.07_1_Unity5_FIX defaultWeight and blendingMode\SuperMarioWars_UnityNetwork
SuperMarioWars 2015.04.07_2_Unity5_Big_FIX_Added_StateMachineBahviours.rar,R:\extractTest\SuperMarioWars 2015.04.07_2_Unity5_Big_FIX_Added_StateMachineBahviours\SuperMarioWars_UnityNetwork
SuperMarioWars 2015.04.07_3_Unity5_small_FIXES_alpha05.rar,R:\extractTest\SuperMarioWars 2015.04.07_3_Unity5_small_FIXES_alpha05\SuperMarioWars_UnityNetwork
SuperMarioWars 2015.04.07_4_Unity5_small_FIXES_alpha05_BACKUP.rar,R:\extractTest\SuperMarioWars 2015.04.07_4_Unity5_small_FIXES_alpha05_BACKUP\SuperMarioWars_UnityNetwork
SuperMarioWars 2015.04.08_1_Changes.rar,R:\extractTest\SuperMarioWars 2015.04.08_1_Changes
SuperMarioWars 2015.04.09_1_ShaderTest_And_Direkt_Texture_ColorChange_CHECK.rar,R:\extractTest\SuperMarioWars 2015.04.09_1_ShaderTest_And_Direkt_Texture_ColorChange_CHECK\SuperMarioWars_UnityNetwork
SuperMarioWars 2015.04.10_1_Working_with_Textures_and_TextureFormats_CHECK.rar,R:\extractTest\SuperMarioWars 2015.04.10_1_Working_with_Textures_and_TextureFormats_CHECK\SuperMarioWars_UnityNetwork
SuperMarioWars 2015.04.10_2_Working_with_Textures_and_TextureFormats_CantFindError_CHECK.rar,R:\extractTest\SuperMarioWars 2015.04.10_2_Working_with_Textures_and_TextureFormats_CantFindError_CHECK\SuperMarioWars_UnityNetwork
SuperMarioWars 2015.04.10_3_Working_with_Textures_and_TextureFormats_Sprite.Create_was_1_Error_CHECK.rar,R:\extractTest\SuperMarioWars 2015.04.10_3_Working_with_Textures_and_TextureFormats_Sprite.Create_was_1_Error_CHECK\SuperMarioWars_UnityNetwork
SuperMarioWars 2015.04.10_3 to 2015.04.07_5 Changes_ONLY.rar,R:\extractTest\SuperMarioWars 2015.04.10_3 to 2015.04.07_5 Changes_ONLY
SuperMarioWars 2015.04.11_1 Unity5_TeamColor_implemented.rar,R:\extractTest\SuperMarioWars 2015.04.11_1 Unity5_TeamColor_implemented\SuperMarioWars_UnityNetwork
SuperMarioWars 2015.04.11_2 Unity5_SwitchTeamButton_implemented.rar,R:\extractTest\SuperMarioWars 2015.04.11_2 Unity5_SwitchTeamButton_implemented\SuperMarioWars_UnityNetwork
SuperMarioWars 2015.04.11_3 Unity5_NextTeam_implemented.rar,R:\extractTest\SuperMarioWars 2015.04.11_3 Unity5_NextTeam_implemented\SuperMarioWars_UnityNetwork
SuperMarioWars 2015.04.11_3 Unity5_NextTeam_implemented_BACKUP.rar,R:\extractTest\SuperMarioWars 2015.04.11_3 Unity5_NextTeam_implemented_BACKUP\SuperMarioWars_UnityNetwork
SuperMarioWars 2015.04.11_4 Unity5_Character_Preview_with_FindTag_implemented.rar,R:\extractTest\SuperMarioWars 2015.04.11_4 Unity5_Character_Preview_with_FindTag_implemented\SuperMarioWars_UnityNetwork
SuperMarioWars 2015.04.11_5 Unity5_Character_Preview_with_FindTag_UpdateSlection_Fix.rar,R:\extractTest\SuperMarioWars 2015.04.11_5 Unity5_Character_Preview_with_FindTag_UpdateSlection_Fix\SuperMarioWars_UnityNetwork
SuperMarioWars 2015.04.11_6 Unity5_Menu_CharacterSelection_complete_noReadyBtn.rar,R:\extractTest\SuperMarioWars 2015.04.11_6 Unity5_Menu_CharacterSelection_complete_noReadyBtn\SuperMarioWars_UnityNetwork
SuperMarioWars 2015.04.11_6 Unity5_Menu_CharacterSelection_complete_noReadyBtn_Backup.rar,R:\extractTest\SuperMarioWars 2015.04.11_6 Unity5_Menu_CharacterSelection_complete_noReadyBtn_Backup\SuperMarioWars_UnityNetwork
SuperMarioWars 2015.04.12_1 Unity5_ALOT_NetworkStuff_Changed.rar,R:\extractTest\SuperMarioWars 2015.04.12_1 Unity5_ALOT_NetworkStuff_Changed\SuperMarioWars_UnityNetwork
SuperMarioWars 2015.04.12_2 Unity5_ALOT_NetworkStuff_Changed_ALLBUFFERED_Part1.rar,R:\extractTest\SuperMarioWars 2015.04.12_2 Unity5_ALOT_NetworkStuff_Changed_ALLBUFFERED_Part1\SuperMarioWars_UnityNetwork
SuperMarioWars 2015.04.12_3 Unity5_ALOT_NetworkStuff_Changed_ALLBUFFERED_Part2.rar,R:\extractTest\SuperMarioWars 2015.04.12_3 Unity5_ALOT_NetworkStuff_Changed_ALLBUFFERED_Part2\SuperMarioWars_UnityNetwork
SuperMarioWars 2015.04.12_4 Unity5_ALOT_NetworkStuff_Changed_ALLBUFFERED_Part3___SHIT__CHECK.rar,R:\extractTest\SuperMarioWars 2015.04.12_4 Unity5_ALOT_NetworkStuff_Changed_ALLBUFFERED_Part3___SHIT__CHECK\SuperMarioWars_UnityNetwork
SuperMarioWars 2015.04.12_5 Unity5_ALOT_NetworkStuff_Changed_ALLBUFFERED_Part3___SHIT__CHECKED.rar,R:\extractTest\SuperMarioWars 2015.04.12_5 Unity5_ALOT_NetworkStuff_Changed_ALLBUFFERED_Part3___SHIT__CHECKED\SuperMarioWars_UnityNetwork
SuperMarioWars 2015.04.12_5 Unity5_only_build_number_0.687_update.rar,R:\extractTest\SuperMarioWars 2015.04.12_5 Unity5_only_build_number_0.687_update\SuperMarioWars_UnityNetwork
SuperMarioWars 2015.04.12_6 Unity5_NetworkLoadLevel_FIX_NoBufferInCharacterSelection_LoadGameBuffered_0.698.rar,R:\extractTest\SuperMarioWars 2015.04.12_6 Unity5_NetworkLoadLevel_FIX_NoBufferInCharacterSelection_LoadGameBuffered_0.698\SuperMarioWars_UnityNetwork
SuperMarioWars 2015.04.12_6 Unity5_NetworkLoadLevel_FIX_NoBufferInCharacterSelection_LoadGameBuffered_0.698_Backup.rar,R:\extractTest\SuperMarioWars 2015.04.12_6 Unity5_NetworkLoadLevel_FIX_NoBufferInCharacterSelection_LoadGameBuffered_0.698_Backup\SuperMarioWars_UnityNetwork
SuperMarioWars 2015.04.12_7 Unity5_HeavyChanges_NetworkLoadLevel_userName_.rar,R:\extractTest\SuperMarioWars 2015.04.12_7 Unity5_HeavyChanges_NetworkLoadLevel_userName_\SuperMarioWars_UnityNetwork
SuperMarioWars 2015.04.13_1 Unity5_Double_UI_Slots_Fix_OnInputFieldChange_build_701_public_.rar,R:\extractTest\SuperMarioWars 2015.04.13_1 Unity5_Double_UI_Slots_Fix_OnInputFieldChange_build_701_public_\SuperMarioWars_UnityNetwork
SuperMarioWars 2015.04.13_2 Unity5_StillErrors_RPC_from_CSS-to-GS_failed_build_704.rar,R:\extractTest\SuperMarioWars 2015.04.13_2 Unity5_StillErrors_RPC_from_CSS-to-GS_failed_build_704\SuperMarioWars_UnityNetwork
SuperMarioWars 2015.04.13_3 Unity5_GameController_has_same_ViewID_in_both_scenes_worksBetter_build_0.706.rar,R:\extractTest\SuperMarioWars 2015.04.13_3 Unity5_GameController_has_same_ViewID_in_both_scenes_worksBetter_build_0.706\SuperMarioWars_UnityNetwork
SuperMarioWars 2015.04.14_1 Unity5_NetworkedPlayer_DataTweaks_part1.rar,R:\extractTest\SuperMarioWars 2015.04.14_1 Unity5_NetworkedPlayer_DataTweaks_part1\SuperMarioWars_UnityNetwork
SuperMarioWars 2015.04.14_2 Unity5_NetworkedPlayer_DataTweaks_part2_build0.711.rar,R:\extractTest\SuperMarioWars 2015.04.14_2 Unity5_NetworkedPlayer_DataTweaks_part2_build0.711\SuperMarioWars_UnityNetwork
SuperMarioWars_2015.04.17_1_UnityNetwork_WORKING_ON_READING_MAPS.rar,R:\extractTest\SuperMarioWars_2015.04.17_1_UnityNetwork_WORKING_ON_READING_MAPS\SuperMarioWars_UnityNetwork
SuperMarioWars_2015.04.17_2_UnityNetwork_WORKING_ON_READING_MAPS_part2.rar,R:\extractTest\SuperMarioWars_2015.04.17_2_UnityNetwork_WORKING_ON_READING_MAPS_part2\SuperMarioWars_UnityNetwork
SuperMarioWars_2015.04.17_3_UnityNetwork_WORKING_ON_READING_MAPS_part3.rar,R:\extractTest\SuperMarioWars_2015.04.17_3_UnityNetwork_WORKING_ON_READING_MAPS_part3\SuperMarioWars_UnityNetwork
SuperMarioWars_2015.04.17_4_UnityNetwork_WORKING_ON_READING_MAPS_part3_Assets.rar,R:\extractTest\SuperMarioWars_2015.04.17_4_UnityNetwork_WORKING_ON_READING_MAPS_part3_Assets
SuperMarioWars 2015.04.18_2 Unity5_WORKING_ON_READING_MAPS_part4.rar,R:\extractTest\SuperMarioWars 2015.04.18_2 Unity5_WORKING_ON_READING_MAPS_part4\SuperMarioWars_UnityNetwork
SuperMarioWars 2015.04.18_11_WORKING_ON_READING_MAPS_part5.rar,R:\extractTest\SuperMarioWars 2015.04.18_11_WORKING_ON_READING_MAPS_part5\SuperMarioWars_UnityNetwork
SuperMarioWars 2015.04.18_12_WORKING_ON_READING_MAPS_part6.rar,R:\extractTest\SuperMarioWars 2015.04.18_12_WORKING_ON_READING_MAPS_part6\SuperMarioWars_UnityNetwork
SuperMarioWars 2015.04.18_13_WORKING_ON_READING_MAPS_part7.rar,R:\extractTest\SuperMarioWars 2015.04.18_13_WORKING_ON_READING_MAPS_part7\SuperMarioWars_UnityNetwork
SuperMarioWars 2015.04.19_14_WORKING_ON_READING_MAPS_customMapData_part8_.rar,R:\extractTest\SuperMarioWars 2015.04.19_14_WORKING_ON_READING_MAPS_customMapData_part8_\SuperMarioWars_UnityNetwork
SuperMarioWars 2015.04.19_15_MAPS_loading_and_creating_works_part9_.rar,R:\extractTest\SuperMarioWars 2015.04.19_15_MAPS_loading_and_creating_works_part9_\SuperMarioWars_UnityNetwork
SuperMarioWars 2015.04.20_16_MAPS_loading_and_creating_works_part10_fixes_workingOnOtherTilesets.rar,R:\extractTest\SuperMarioWars 2015.04.20_16_MAPS_loading_and_creating_works_part10_fixes_workingOnOtherTilesets\SuperMarioWars_UnityNetwork
SuperMarioWars 2015.04.20_17_ALOT-Added_still_TilesetBug_part11.rar,R:\extractTest\SuperMarioWars 2015.04.20_17_ALOT-Added_still_TilesetBug_part11\SuperMarioWars_UnityNetwork
SuperMarioWars 2015.04.20_18_ALOT-Added_still_TilesetBug_part12_AssetsOnly.rar,R:\extractTest\SuperMarioWars 2015.04.20_18_ALOT-Added_still_TilesetBug_part12_AssetsOnly
SuperMarioWars 2015.04.20_19_ALOT-Added_NEXT_ModularImport_part13.rar,R:\extractTest\SuperMarioWars 2015.04.20_19_ALOT-Added_NEXT_ModularImport_part13\SuperMarioWars_UnityNetwork
SuperMarioWars 2015.04.20_20_ALOT-Added_ModularImport_part14.rar,R:\extractTest\SuperMarioWars 2015.04.20_20_ALOT-Added_ModularImport_part14\SuperMarioWars_UnityNetwork
SuperMarioWars 2015.04.20_21_ALOT-Added_ModularImport_part15.rar,R:\extractTest\SuperMarioWars 2015.04.20_21_ALOT-Added_ModularImport_part15\SuperMarioWars_UnityNetwork
SuperMarioWars 2015.04.20_22_ReadingMovingPlatforms-Implemented_part16.rar,R:\extractTest\SuperMarioWars 2015.04.20_22_ReadingMovingPlatforms-Implemented_part16\SuperMarioWars_UnityNetwork
SuperMarioWars 2015.04.21_23_Showing_MapData_TileSetTypes_ObjectData_MapDataTop_MovingPlatforms_part17.rar,R:\extractTest\SuperMarioWars 2015.04.21_23_Showing_MapData_TileSetTypes_ObjectData_MapDataTop_MovingPlatforms_part17\SuperMarioWars_UnityNetwork
SuperMarioWars 2015.04.21_23_Showing_MapData_TileSetTypes_ObjectData_MapDataTop_MovingPlatforms_part17-Backup.rar,R:\extractTest\SuperMarioWars 2015.04.21_23_Showing_MapData_TileSetTypes_ObjectData_MapDataTop_MovingPlatforms_part17-Backup\SuperMarioWars_UnityNetwork
SuperMarioWars 2015.04.21_24_Update_TilesetWindow_fixes_part18.rar,R:\extractTest\SuperMarioWars 2015.04.21_24_Update_TilesetWindow_fixes_part18\SuperMarioWars_UnityNetwork
SuperMarioWars 2015.04.21_25_BATCH_Map_Import_Works_part19.rar,R:\extractTest\SuperMarioWars 2015.04.21_25_BATCH_Map_Import_Works_part19\SuperMarioWars_UnityNetwork
SuperMarioWars 2015.04.22_26_SceneViewHandle_AND_HOT_FIX_calculate_tiletype_position_part20.rar,R:\extractTest\SuperMarioWars 2015.04.22_26_SceneViewHandle_AND_HOT_FIX_calculate_tiletype_position_part20\SuperMarioWars_UnityNetwork
SuperMarioWars 2015.04.22_26-27 Between.rar,R:\extractTest\SuperMarioWars 2015.04.22_26-27 Between
SuperMarioWars 2015.04.22_27_use_RawMapData_AnimatedTileset_UnknownTileset_to_Create_UnityMap_part21.rar,R:\extractTest\SuperMarioWars 2015.04.22_27_use_RawMapData_AnimatedTileset_UnknownTileset_to_Create_UnityMap_part21\SuperMarioWars_UnityNetwork
SuperMarioWars 2015.04.22_28_HideNonTileset_StaticAnimationTile_works_part22.rar,R:\extractTest\SuperMarioWars 2015.04.22_28_HideNonTileset_StaticAnimationTile_works_part22\SuperMarioWars_UnityNetwork
SuperMarioWars 2015.04.23_29_AnimationTilesetWindow_added_TileAnimation_works_PlatformAnimation_too_part23.rar,R:\extractTest\SuperMarioWars 2015.04.23_29_AnimationTilesetWindow_added_TileAnimation_works_PlatformAnimation_too_part23\SuperMarioWars_UnityNetwork
SuperMarioWars_2015.11.17_UnityNetwork_WorkingOnPersistentMapData.rar,R:\extractTest\SuperMarioWars_2015.11.17_UnityNetwork_WorkingOnPersistentMapData\SuperMarioWars_UnityNetwork
SuperMarioWars_2015.11.18_UnityNetwork_WorkingOnMovingPlatform.rar,R:\extractTest\SuperMarioWars_2015.11.18_UnityNetwork_WorkingOnMovingPlatform\SuperMarioWars_UnityNetwork
SuperMarioWars_2015.11.18_2_UnityNetwork_WorkingOnMovingPlatform_HiddenBlockFix.rar,R:\extractTest\SuperMarioWars_2015.11.18_2_UnityNetwork_WorkingOnMovingPlatform_HiddenBlockFix\SuperMarioWars_UnityNetwork
SuperMarioWars_2015.11.19_UnityNetwork_WorkingOnMovingPlatform_MovingScript.rar,R:\extractTest\SuperMarioWars_2015.11.19_UnityNetwork_WorkingOnMovingPlatform_MovingScript\SuperMarioWars_UnityNetwork
SuperMarioWars_2015.11.20_UnityNetwork_WorkingOnMovingPlatform_MovingScript_Fix.rar,R:\extractTest\SuperMarioWars_2015.11.20_UnityNetwork_WorkingOnMovingPlatform_MovingScript_Fix\SuperMarioWars_UnityNetwork
SuperMarioWars_2015.11.21_UnityNetwork_WorkingOnMovingPlatform_MovingScript_SQRFix.rar,R:\extractTest\SuperMarioWars_2015.11.21_UnityNetwork_WorkingOnMovingPlatform_MovingScript_SQRFix\SuperMarioWars_UnityNetwork
SuperMarioWars_2015.11.23_UnityNetwork_WorkingOnWarps_and_Switches.rar,R:\extractTest\SuperMarioWars_2015.11.23_UnityNetwork_WorkingOnWarps_and_Switches
SuperMarioWars_2015.11.24_UnityNetwork_WorkingOnSwitches.rar,R:\extractTest\SuperMarioWars_2015.11.24_UnityNetwork_WorkingOnSwitches
SuperMarioWars_2015.11.24_2_UnityNetwork_WorkingOnSwitches_BlockSpriteFix.rar,R:\extractTest\SuperMarioWars_2015.11.24_2_UnityNetwork_WorkingOnSwitches_BlockSpriteFix
SuperMarioWars_2015.11.25_UnityNetwork_Fixes_TileType_JumpOnPlatform.rar,R:\extractTest\SuperMarioWars_2015.11.25_UnityNetwork_Fixes_TileType_JumpOnPlatform\SuperMarioWars_UnityNetwork
SuperMarioWars_2015.11.25_2_UnityNetwork_WorkingOnHazards.rar,R:\extractTest\SuperMarioWars_2015.11.25_2_UnityNetwork_WorkingOnHazards\SuperMarioWars_UnityNetwork
SuperMarioWars_2015.11.26_UnityNetwork_WorkingOnPowerUpBlock.rar,R:\extractTest\SuperMarioWars_2015.11.26_UnityNetwork_WorkingOnPowerUpBlock\SuperMarioWars_UnityNetwork
SuperMarioWars_2015.11.27_UnityNetwork_WorkingOnHazards_PirhaniaPlants.rar,R:\extractTest\SuperMarioWars_2015.11.27_UnityNetwork_WorkingOnHazards_PirhaniaPlants\SuperMarioWars_UnityNetwork
SuperMarioWars_2015.12.03_UnityNetwork_before_adopting_correct_maplayout.rar,R:\extractTest\SuperMarioWars_2015.12.03_UnityNetwork_before_adopting_correct_maplayout\SuperMarioWars_UnityNetwork
SuperMarioWars_2015.12.04_UnityNetwork_workingOnMergingColliders.rar,R:\extractTest\SuperMarioWars_2015.12.04_UnityNetwork_workingOnMergingColliders\SuperMarioWars_UnityNetwork
SuperMarioWars_2015.12.04_2_UnityNetwork_workingOnMergingColliders_InfinitLoopFix_StilBoundsBUG.rar,R:\extractTest\SuperMarioWars_2015.12.04_2_UnityNetwork_workingOnMergingColliders_InfinitLoopFix_StilBoundsBUG\SuperMarioWars_UnityNetwork
SuperMarioWars_2015.12.04_3_UnityNetwork_MergingCollidersDone_need_cleanup.rar,R:\extractTest\SuperMarioWars_2015.12.04_3_UnityNetwork_MergingCollidersDone_need_cleanup\SuperMarioWars_UnityNetwork
SuperMarioWars_2015.12.05_UnityNetwork_AnimatedPlatformsFixed.rar,R:\extractTest\SuperMarioWars_2015.12.05_UnityNetwork_AnimatedPlatformsFixed\SuperMarioWars_UnityNetwork
SuperMarioWars_2015.12.05_2_UnityNetwork_HazardFireString_Added.rar,R:\extractTest\SuperMarioWars_2015.12.05_2_UnityNetwork_HazardFireString_Added\SuperMarioWars_UnityNetwork
SuperMarioWars_2015.12.09_UnityNetwork_Fixes_BulletBill_added.rar,R:\extractTest\SuperMarioWars_2015.12.09_UnityNetwork_Fixes_BulletBill_added\SuperMarioWars_UnityNetwork
SuperMarioWars_2015.12.11_UnityNetwork_GOPos_SpriteBounds_BoxCollider_Bounds.rar,R:\extractTest\SuperMarioWars_2015.12.11_UnityNetwork_GOPos_SpriteBounds_BoxCollider_Bounds\SuperMarioWars_UnityNetwork
SuperMarioWars_2015.12.16_UnityNetwork_before_switching_to_unityphysics.rar,R:\extractTest\SuperMarioWars_2015.12.16_UnityNetwork_before_switching_to_unityphysics\SuperMarioWars_UnityNetwork
SuperMarioWars_2016.01.20_UnityNetwork_MapClass_TidyUp_BuildingtFix.rar,R:\extractTest\SuperMarioWars_2016.01.20_UnityNetwork_MapClass_TidyUp_BuildingtFix\SuperMarioWars_UnityNetwork
