SuperMarioWars 2014.06.19_Blocks_PowerUps.rar === SuperMarioWars 2014.06.21_beforeLAN.rar
R:\SuperMarioWars\SuperMarioWars 2014.06.19_Blocks_PowerUps.rar
R:\SuperMarioWars\SuperMarioWars 2014.06.21_beforeLAN.rar

SuperMarioWars 2014.06.26_4_MultiplayerLobby_PrefabSelectAble_NetworkInstantiation.rar === SuperMarioWars 2014.06.26_5_MultiplayerLobby_central_SpriteAndPlayerText.rar
R:\SuperMarioWars\SuperMarioWars 2014.06.26_4_MultiplayerLobby_PrefabSelectAble_NetworkInstantiation.rar
R:\SuperMarioWars\SuperMarioWars 2014.06.26_5_MultiplayerLobby_central_SpriteAndPlayerText.rar

SuperMarioWars 2014.06.28_2_characterDictonary_PlayerPrefs_error_found.rar === SuperMarioWars 2014.06.28_3_characterDictonary_PlayerPrefs_error_found.rar
R:\SuperMarioWars\SuperMarioWars 2014.06.28_2_characterDictonary_PlayerPrefs_error_found.rar
R:\SuperMarioWars\SuperMarioWars 2014.06.28_3_characterDictonary_PlayerPrefs_error_found.rar

SuperMarioWars 2014.07.10_1_LAN_BugsExpected_Works.rar === SuperMarioWars 2014.07.10_2_LAN_BugsExpected_Works.rar
R:\SuperMarioWars\SuperMarioWars 2014.07.10_1_LAN_BugsExpected_Works.rar
R:\SuperMarioWars\SuperMarioWars 2014.07.10_2_LAN_BugsExpected_Works.rar

SuperMarioWars 2014.08.17_2_ragemode_mostly_done.rar === SuperMarioWars 2014.08.17_3_nothingChanged.rar
R:\SuperMarioWars\SuperMarioWars 2014.08.06 PhotonUnityNetwork - Authorative Movement - Movement with Networked Rigidbody2D\SuperMarioWars 2014.08.17_2_ragemode_mostly_done.rar
R:\SuperMarioWars\SuperMarioWars 2014.08.06 PhotonUnityNetwork - Authorative Movement - Movement with Networked Rigidbody2D\SuperMarioWars 2014.08.17_3_nothingChanged.rar

SuperMarioWars 2014.10.02_14_Item_and_Power_Polymorphie_StarAndFlower.rar === SuperMarioWars 2014.10.02_15_Item_and_Power_Polymorphie_StarAndFlower_NOTHINGCHANGEDverify.rar
R:\SuperMarioWars\SuperMarioWars 2014.08.21 UnityNetwork p2p - Authorative Movement\SuperMarioWars 2014.10.02_14_Item_and_Power_Polymorphie_StarAndFlower.rar
R:\SuperMarioWars\SuperMarioWars 2014.08.21 UnityNetwork p2p - Authorative Movement\SuperMarioWars 2014.10.02_15_Item_and_Power_Polymorphie_StarAndFlower_NOTHINGCHANGEDverify.rar

SuperMarioWars 2015.04.03_3_Unity5_assetdatabase_destroyed_NEED_LOAD_BACKUP_.rar === SuperMarioWars 2015.04.03_3_Unity5_EditorScripting_ScriptableObjects_AutoCharCreation_NEED_LOAD_BACKUP_.rar
R:\SuperMarioWars\SuperMarioWars 2015.04.03_3_Unity5_assetdatabase_destroyed_NEED_LOAD_BACKUP_.rar
R:\SuperMarioWars\SuperMarioWars 2015.04.03_3_Unity5_EditorScripting_ScriptableObjects_AutoCharCreation_NEED_LOAD_BACKUP_.rar

SuperMarioWars 2015.04.07_3_Unity5_small_FIXES_alpha05.rar === SuperMarioWars 2015.04.07_4_Unity5_small_FIXES_alpha05_BACKUP.rar
R:\SuperMarioWars\SuperMarioWars 2015.04.07_3_Unity5_small_FIXES_alpha05.rar
R:\SuperMarioWars\SuperMarioWars 2015.04.07_4_Unity5_small_FIXES_alpha05_BACKUP.rar

SuperMarioWars 2015.04.11_3 Unity5_NextTeam_implemented.rar === SuperMarioWars 2015.04.11_3 Unity5_NextTeam_implemented_BACKUP.rar
R:\SuperMarioWars\SuperMarioWars 2015.04.11_3 Unity5_NextTeam_implemented.rar
R:\SuperMarioWars\SuperMarioWars 2015.04.11_3 Unity5_NextTeam_implemented_BACKUP.rar

SuperMarioWars 2015.04.11_6 Unity5_Menu_CharacterSelection_complete_noReadyBtn.rar === SuperMarioWars 2015.04.11_6 Unity5_Menu_CharacterSelection_complete_noReadyBtn_Backup.rar
R:\SuperMarioWars\SuperMarioWars 2015.04.11_6 Unity5_Menu_CharacterSelection_complete_noReadyBtn.rar
R:\SuperMarioWars\SuperMarioWars 2015.04.11_6 Unity5_Menu_CharacterSelection_complete_noReadyBtn_Backup.rar

SuperMarioWars 2015.04.12_6 Unity5_NetworkLoadLevel_FIX_NoBufferInCharacterSelection_LoadGameBuffered_0.698.rar === SuperMarioWars 2015.04.12_6 Unity5_NetworkLoadLevel_FIX_NoBufferInCharacterSelection_LoadGameBuffered_0.698_Backup.rar
R:\SuperMarioWars\SuperMarioWars 2015.04.12_6 Unity5_NetworkLoadLevel_FIX_NoBufferInCharacterSelection_LoadGameBuffered_0.698.rar
R:\SuperMarioWars\SuperMarioWars 2015.04.12_6 Unity5_NetworkLoadLevel_FIX_NoBufferInCharacterSelection_LoadGameBuffered_0.698_Backup.rar

SuperMarioWars_2015.04.17_3_UnityNetwork_WORKING_ON_READING_MAPS_part3.rar === SuperMarioWars_2015.04.17_4_UnityNetwork_WORKING_ON_READING_MAPS_part3_Assets.rar
R:\SuperMarioWars\_MapCreation\SuperMarioWars_2015.04.17_3_UnityNetwork_WORKING_ON_READING_MAPS_part3.rar
R:\SuperMarioWars\_MapCreation\SuperMarioWars_2015.04.17_4_UnityNetwork_WORKING_ON_READING_MAPS_part3_Assets.rar

SuperMarioWars 2015.04.21_23_Showing_MapData_TileSetTypes_ObjectData_MapDataTop_MovingPlatforms_part17.rar === SuperMarioWars 2015.04.21_23_Showing_MapData_TileSetTypes_ObjectData_MapDataTop_MovingPlatforms_part17-Backup.rar
R:\SuperMarioWars\_MapCreation\SuperMarioWars 2015.04.21_23_Showing_MapData_TileSetTypes_ObjectData_MapDataTop_MovingPlatforms_part17.rar
R:\SuperMarioWars\_MapCreation\SuperMarioWars 2015.04.21_23_Showing_MapData_TileSetTypes_ObjectData_MapDataTop_MovingPlatforms_part17-Backup.rar

